<?xml version="1.0" encoding="UTF-8"?>
<!-- Generated by org.testng.reporters.JUnitReportReporter -->
<testsuite hostname="DESKTOP-QS1767H" failures="0" tests="6" name="testCases.PetStoreUserTestCase" time="9.022" errors="0" timestamp="2024-05-01T18:16:14 IST" skipped="0">
  <testcase classname="testCases.PetStoreUserTestCase" name="testupdateUser" time="2.169"/>
  <testcase classname="testCases.PetStoreUserTestCase" name="testGetUser" time="2.485"/>
  <testcase classname="testCases.PetStoreUserTestCase" name="testGetUserName" time="1.090"/>
  <testcase classname="testCases.PetStoreUserTestCase" name="testCreateWithArray" time="1.092"/>
  <testcase classname="testCases.PetStoreUserTestCase" name="testCreateWithList" time="1.098"/>
  <testcase classname="testCases.PetStoreUserTestCase" name="testCreateUser" time="1.088"/>
</testsuite> <!-- testCases.PetStoreUserTestCase -->
