<?xml version="1.0" encoding="UTF-8"?>
<!-- Generated by org.testng.reporters.JUnitReportReporter -->
<testsuite hostname="DESKTOP-QS1767H" failures="0" tests="5" name="testCases.PetStorePetTestCase" time="8.435" errors="0" timestamp="2024-05-01T18:18:23 IST" skipped="0">
  <testcase classname="testCases.PetStorePetTestCase" name="TestNewPet" time="3.979"/>
  <testcase classname="testCases.PetStorePetTestCase" name="TestUpdatePet" time="1.114"/>
  <testcase classname="testCases.PetStorePetTestCase" name="TestGetStatus" time="1.119"/>
  <testcase classname="testCases.PetStorePetTestCase" name="testFindByPetID" time="1.123"/>
  <testcase classname="testCases.PetStorePetTestCase" name="testupdatePetUsingPetId" time="1.100"/>
</testsuite> <!-- testCases.PetStorePetTestCase -->
