<?xml version="1.0" encoding="UTF-8"?>
<!-- Generated by org.testng.reporters.JUnitReportReporter -->
<testsuite hostname="DESKTOP-QS1767H" failures="0" tests="5" name="testCases.AccountTestCases" time="2.216" errors="0" timestamp="2024-05-01T18:16:14 IST" skipped="2">
  <testcase classname="testCases.AccountTestCases" name="validateAuthorizeUser" time="0.648"/>
  <testcase classname="testCases.AccountTestCases" name="validateGenerateToken" time="0.961"/>
  <testcase classname="testCases.AccountTestCases" name="validateCreatedUserID" time="0.607"/>
  <testcase classname="testCases.AccountTestCases" name="validateDeleteUserId">
    <skipped/>
  </testcase> <!-- validateDeleteUserId -->
  <testcase classname="testCases.AccountTestCases" name="validateCreatedUser">
    <skipped/>
  </testcase> <!-- validateCreatedUser -->
</testsuite> <!-- testCases.AccountTestCases -->
