<?xml version="1.0" encoding="UTF-8"?>
<!-- Generated by org.testng.reporters.JUnitReportReporter -->
<testsuite hostname="DESKTOP-QS1767H" failures="0" tests="2" name="testCases.OrderTestCases" time="5.752" errors="0" timestamp="2024-05-01T18:16:14 IST" skipped="0">
  <testcase classname="testCases.OrderTestCases" name="TestplaceOrder" time="4.670"/>
  <testcase classname="testCases.OrderTestCases" name="TestgetOrder" time="1.082"/>
</testsuite> <!-- testCases.OrderTestCases -->
