<?xml version="1.0" encoding="UTF-8"?>
<!-- Generated by org.testng.reporters.JUnitReportReporter -->
<testsuite hostname="DESKTOP-QS1767H" failures="0" tests="6" name="testCases.UserTestCases" time="3.106" errors="0" timestamp="2024-05-01T18:16:14 IST" skipped="2">
  <testcase classname="testCases.UserTestCases" name="TestPostBooks" time="0.640"/>
  <testcase classname="testCases.UserTestCases" name="TestGetUserBook" time="0.529"/>
  <testcase classname="testCases.UserTestCases" name="TestGetUserBook" time="1.165"/>
  <testcase classname="testCases.UserTestCases" name="TestDeleteBook" time="0.772"/>
  <testcase classname="testCases.UserTestCases" name="TestUserBooks">
    <skipped/>
  </testcase> <!-- TestUserBooks -->
  <testcase classname="testCases.UserTestCases" name="TestDeleteBooks">
    <skipped/>
  </testcase> <!-- TestDeleteBooks -->
</testsuite> <!-- testCases.UserTestCases -->
